{"timestamp": "2026-04-27T11:13:37.048914+00:00", "level": "INFO", "logger": "conductor.executor.loader", "message": "Loaded agents from 'agents': ['__noop__', '__echo__', '__shell__', 'demo_analyzer', 'demo_planner', 'demo_specialist', 'demo_reviewer', 'demo_reporter']"}
{"timestamp": "2026-04-27T11:13:37.056663+00:00", "level": "INFO", "logger": "conductor.watcher", "message": "Conductor Async Watcher started. Polling every 30s, max concurrent: 3"}
{"timestamp": "2026-04-27T11:13:37.057927+00:00", "level": "INFO", "logger": "conductor.watcher", "message": "Ticket COND-001 (Analyze Database Schema) \u2192 IN_PROGRESS"}
{"timestamp": "2026-04-27T11:13:37.101882+00:00", "level": "INFO", "logger": "conductor.watcher", "message": "Ticket COND-002 (Analyze Source Code) \u2192 IN_PROGRESS"}
{"timestamp": "2026-04-27T11:13:45.438251+00:00", "level": "INFO", "logger": "conductor.watcher", "message": "DONE (auto-approved)"}
{"timestamp": "2026-04-27T11:13:45.592151+00:00", "level": "INFO", "logger": "conductor.watcher", "message": "AWAITING_REVIEW"}
{"timestamp": "2026-04-27T11:14:45.632892+00:00", "level": "INFO", "logger": "conductor.watcher", "message": "COND-002 \u2192 DONE (approved)"}
{"timestamp": "2026-04-27T11:14:45.633584+00:00", "level": "INFO", "logger": "conductor.watcher", "message": "Phase 'phase_1' complete \u2014 all tickets DONE"}
{"timestamp": "2026-04-27T11:14:45.635541+00:00", "level": "INFO", "logger": "conductor.watcher.ticket_creator", "message": "Created ticket COND-003: Define Workpackages"}
{"timestamp": "2026-04-27T11:14:45.635612+00:00", "level": "INFO", "logger": "conductor.watcher", "message": "Phase 'phase_1' complete \u2192 created 1 tickets for ['phase_2']"}
{"timestamp": "2026-04-27T11:14:45.636029+00:00", "level": "INFO", "logger": "conductor.watcher", "message": "Ticket COND-003 (Define Workpackages) \u2192 IN_PROGRESS"}
{"timestamp": "2026-04-27T11:14:55.892817+00:00", "level": "INFO", "logger": "conductor.watcher", "message": "AWAITING_REVIEW"}
{"timestamp": "2026-04-27T11:15:25.933696+00:00", "level": "INFO", "logger": "conductor.watcher", "message": "COND-003 \u2192 DONE (approved)"}
{"timestamp": "2026-04-27T11:15:25.934378+00:00", "level": "INFO", "logger": "conductor.watcher", "message": "Phase 'phase_2' complete \u2014 all tickets DONE"}
{"timestamp": "2026-04-28T13:32:57.380789+00:00", "level": "INFO", "logger": "conductor.executor.loader", "message": "Loaded agents from 'agents': ['__noop__', '__echo__', '__shell__', 'demo_analyzer', 'demo_planner', 'demo_specialist', 'demo_reviewer', 'demo_reporter']"}
{"timestamp": "2026-04-28T13:32:57.384502+00:00", "level": "INFO", "logger": "conductor.watcher", "message": "Conductor Async Watcher started. Polling every 5s, max concurrent: 3"}
{"timestamp": "2026-04-28T13:32:57.385621+00:00", "level": "INFO", "logger": "conductor.watcher", "message": "Ticket COND-001 (Analyze Database Schema) \u2192 IN_PROGRESS"}
{"timestamp": "2026-04-28T13:32:57.408102+00:00", "level": "INFO", "logger": "conductor.watcher", "message": "Ticket COND-002 (Analyze Source Code) \u2192 IN_PROGRESS"}
{"timestamp": "2026-04-28T13:33:05.643287+00:00", "level": "INFO", "logger": "conductor.watcher", "message": "DONE (auto-approved)"}
{"timestamp": "2026-04-28T13:33:05.807400+00:00", "level": "INFO", "logger": "conductor.watcher", "message": "AWAITING_REVIEW"}
{"timestamp": "2026-04-28T13:34:54.823099+00:00", "level": "INFO", "logger": "conductor.executor.loader", "message": "Loaded agents from 'agents': ['__noop__', '__echo__', '__shell__', 'demo_analyzer', 'demo_planner', 'demo_specialist', 'demo_reviewer', 'demo_reporter']"}
{"timestamp": "2026-04-28T13:34:54.826559+00:00", "level": "INFO", "logger": "conductor.watcher", "message": "Conductor Async Watcher started. Polling every 5s, max concurrent: 3"}
{"timestamp": "2026-04-28T13:34:54.827461+00:00", "level": "INFO", "logger": "conductor.watcher", "message": "Ticket COND-001 (Analyze Database Schema) \u2192 IN_PROGRESS"}
{"timestamp": "2026-04-28T13:34:54.853037+00:00", "level": "INFO", "logger": "conductor.watcher", "message": "Ticket COND-002 (Analyze Source Code) \u2192 IN_PROGRESS"}
{"timestamp": "2026-04-28T13:35:03.066985+00:00", "level": "INFO", "logger": "conductor.watcher", "message": "[demo_analyzer] demo-simulated in=12,500 out=3,200 $0.0855 (8.0s)"}
{"timestamp": "2026-04-28T13:35:03.091397+00:00", "level": "INFO", "logger": "conductor.watcher", "message": "DONE (auto-approved)"}
{"timestamp": "2026-04-28T13:35:03.243770+00:00", "level": "INFO", "logger": "conductor.watcher", "message": "[demo_analyzer] demo-simulated in=12,500 out=3,200 $0.0855 (8.0s)"}
{"timestamp": "2026-04-28T13:35:03.244289+00:00", "level": "INFO", "logger": "conductor.watcher", "message": "AWAITING_REVIEW"}
